00:00:00.000682 main     VirtualBox XPCOM Server 7.0.6 r155176 linux.amd64 (Feb 22 2023 15:36:54) release log
00:00:00.000683 main     Log opened 2023-03-24T16:04:56.362644000Z
00:00:00.000683 main     Build Type: release
00:00:00.000685 main     OS Product: Linux
00:00:00.000685 main     OS Release: 6.2.7-arch1-1
00:00:00.000685 main     OS Version: #1 SMP PREEMPT_DYNAMIC Sat, 18 Mar 2023 01:06:36 +0000
00:00:00.000700 main     DMI Product Name: System Product Name
00:00:00.000704 main     DMI Product Version: System Version
00:00:00.000707 main     Firmware type: UEFI
00:00:00.000758 main     Secure Boot: Disabled
00:00:00.000775 main     Host RAM: 32012MB (31.2GB) total, 28645MB (27.9GB) available
00:00:00.000777 main     Executable: /usr/lib/virtualbox/VBoxSVC
00:00:00.000777 main     Process ID: 249639
00:00:00.000777 main     Package type: LINUX_64BITS_GENERIC (OSE)
00:00:00.001515 main     IPC socket path: /tmp/.vbox-emil-ipc/ipcd
00:00:00.106240 nspr-2   VirtualBox: object creation starts
00:00:00.106771 nspr-2   Home directory: '/home/emil/.config/VirtualBox'
00:00:00.107043 nspr-2   Loading settings file "/home/emil/.config/VirtualBox/VirtualBox.xml" with version "1.12-linux"
00:00:00.109666 nspr-2   USB: Unknown USB device detected (idVendor: 0x8087, idProduct: 0x0032)
00:00:00.109712 nspr-2   Successfully initialised host USB using sysfs
00:00:00.118881 nspr-2   HostDnsMonitor: initializing
00:00:00.118963 nspr-2   NAT: resolv.conf: nameserver 192.168.0.1
00:00:00.118967 nspr-2   HostDnsMonitor: updating information
00:00:00.118971 nspr-2   HostDnsMonitor: old information
00:00:00.118972 nspr-2     no server entries
00:00:00.118974 nspr-2     no domain set
00:00:00.118975 nspr-2     no search string entries
00:00:00.118976 nspr-2   HostDnsMonitor: new information
00:00:00.118977 nspr-2     server 1: 192.168.0.1
00:00:00.118978 nspr-2     no domain set
00:00:00.118979 nspr-2     no search string entries
00:00:00.120871 nspr-2   VD: VDInit finished with VINF_SUCCESS
00:00:00.125869 nspr-2   Loading settings file "/home/emil/VirtualBox VMs/windows/windows.vbox" with version "1.19-linux"
00:00:00.128051 nspr-2   OCI: Local config file '/home/emil/.config/VirtualBox/oci_config' does not exist
00:00:00.128060 nspr-2   OCI: Original config file '/home/emil/.oci/config' does not exist
00:00:00.128061 nspr-2   OCI: Reading profiles finished with status NS_OK
00:00:00.128064 nspr-2   ExtPack: Created cloud provider 'OCI' (hrc=NS_OK)
00:00:00.128086 nspr-2   VirtualBox: object created
00:00:00.555800 nspr-5   ERROR [COM]: aRC=VBOX_E_INVALID_VM_STATE (0x80bb0002) aIID={300763af-5d6b-46e6-aa96-273eac15538a} aComponent={MachineWrap} aText={The machine is not mutable (state is PoweredOff)}, preserve=false aResultDetail=0
00:13:37.597567 main     VirtualBox: object deletion starts
00:13:37.597598 main     ERROR [COM]: aRC=VBOX_E_OBJECT_IN_USE (0x80bb000c) aIID={ad47ad09-787b-44ab-b343-a082a3f2dfb1} aComponent={MediumWrap} aText={Medium '/home/emil/VirtualBox VMs/windows/windows.vdi' cannot be closed because it is still attached to 1 virtual machines}, preserve=false aResultDetail=0
00:13:37.597914 main     HostDnsMonitor: shutting down ...
00:13:37.612831 main     HostDnsMonitor: shut down
00:13:37.636620 Watcher  ERROR [COM]: aRC=E_ACCESSDENIED (0x80070005) aIID={7682d5eb-f00e-44f1-8ca2-99d08b1cd607} aComponent={VirtualBoxWrap} aText={The object is not ready}, preserve=false aResultDetail=0
00:13:37.636700 main     VirtualBox: object deleted
